01/06/2022 10:04:16 AM - INFO - [[('shipper',) 1]
 [('consignee',) 1]
 [('vessel',) 15]
 [('code', 'name') 2]
 [('notify', 'party') 1]
 [('owners', 'name') 1]
 [('gross', 'weight') 2]
 [('general', 'average') 5]
 [('port', 'of', 'loading') 2]
 [('port', 'of', 'discharge') 2]
 [('description', 'of', 'goods') 1]
 [('bill', 'of', 'lading') 4]
 [('charter', 'party', 'dated') 2]
 [('freight', 'payable', 'at') 1]
 [('conditions', 'of', 'carriage') 2]
 [('as', 'agents', 'only') 1]
 [('general', 'paramount', 'clause') 1]
 [('new', 'jason', 'clause') 1]
 [('clean', 'on', 'board', 'date') 1]
 [('printed', 'and', 'sold', 'by') 1]
 [('thanh', 'tin', 'service', 'and', 'trade', 'company', 'limited') 2]]
